<?xml version="1.0" encoding="UTF-8"?>
<testng-results skipped="0" failed="0" ignored="0" total="1" passed="1">
  <reporter-output>
  </reporter-output>
  <suite name="Default suite" duration-ms="12854" started-at="2019-04-11T15:44:57Z" finished-at="2019-04-11T15:45:10Z">
    <groups>
    </groups>
    <test name="Default test" duration-ms="12854" started-at="2019-04-11T15:44:57Z" finished-at="2019-04-11T15:45:10Z">
      <class name="com.qa.testcase.AllTestCases">
        <test-method status="PASS" signature="setup()[pri:0, instance:com.qa.testcase.AllTestCases@6500df86]" name="setup" is-config="true" duration-ms="6716" started-at="2019-04-11T21:14:57Z" finished-at="2019-04-11T21:15:03Z">
          <reporter-output>
          </reporter-output>
        </test-method> <!-- setup -->
        <test-method status="PASS" signature="loginTestcase()[pri:0, instance:com.qa.testcase.AllTestCases@6500df86]" name="loginTestcase" duration-ms="6099" started-at="2019-04-11T21:15:03Z" finished-at="2019-04-11T21:15:10Z">
          <reporter-output>
          </reporter-output>
        </test-method> <!-- loginTestcase -->
      </class> <!-- com.qa.testcase.AllTestCases -->
    </test> <!-- Default test -->
  </suite> <!-- Default suite -->
</testng-results>
